{
  "stats": {
    "suites": 1,
    "tests": 2,
    "passes": 1,
    "pending": 0,
    "failures": 1,
    "start": "2024-03-30T12:52:19.721Z",
    "end": "2024-03-30T12:52:20.740Z",
    "duration": 1019,
    "testsRegistered": 2,
    "passPercent": 50,
    "pendingPercent": 0,
    "other": 0,
    "hasOther": false,
    "skipped": 0,
    "hasSkipped": false
  },
  "results": [
    {
      "uuid": "b2c5049a-1bf7-4201-ad05-b7a74e0c8d5f",
      "title": "",
      "fullFile": "cypress\\e2e\\API-TEST\\US06-ViceDeanCreative-api.cy.js",
      "file": "cypress\\e2e\\API-TEST\\US06-ViceDeanCreative-api.cy.js",
      "beforeHooks": [],
      "afterHooks": [],
      "tests": [],
      "suites": [
        {
          "uuid": "044c5ee4-8999-4052-bf76-70c948178ef7",
          "title": "Vice Dean Ekleme",
          "fullFile": "",
          "file": "",
          "beforeHooks": [],
          "afterHooks": [],
          "tests": [
            {
              "title": "US06_TC01 Tüm alanlar geçerli verilerle doldurulduğunda dean yeni vicedean ekleyebilmelidir",
              "fullTitle": "Vice Dean Ekleme US06_TC01 Tüm alanlar geçerli verilerle doldurulduğunda dean yeni vicedean ekleyebilmelidir",
              "timedOut": null,
              "duration": 524,
              "state": "failed",
              "speed": null,
              "pass": false,
              "fail": true,
              "pending": false,
              "context": null,
              "code": "cy.generateToken(loginData.DeanUsername, loginData.DeanPassword).as(\"authToken\");\ncy.get(\"@authToken\").then(authToken => {\n  const vicedeanData = {\n    birthDay: addvicedeandata.dateOfBirth,\n    birthPlace: addvicedeandata.birhtPlace,\n    built_in: addvicedeandata.built_in,\n    gender: addvicedeandata.gender,\n    name: addvicedeandata.name,\n    password: addvicedeandata.password,\n    phoneNumber: fakephoneNumber,\n    ssn: fakeSSN,\n    surname: fakeSurname,\n    username: fakeUsername\n  };\n  cy.addVicedean(authToken, vicedeanData);\n});",
              "err": {
                "message": "CypressError: `cy.request()` failed on:\n\nhttps://managementonschools.com/app/vicedean/save\n\nThe response we received from your web server was:\n\n  > 400: Bad Request\n\nThis was considered a failure because the status code was not `2xx` or `3xx`.\n\nIf you do not want status codes to cause failures pass the option: `failOnStatusCode: false`\n\n-----------------------------------------------------------\n\nThe request we sent was:\n\nMethod: POST\nURL: https://managementonschools.com/app/vicedean/save\nHeaders: {\n  \"Connection\": \"keep-alive\",\n  \"Authorization\": \"Bearer eyJhbGciOiJIUzUxMiJ9.eyJzdWIiOiJEZWFuRnJhdVRhbiIsImlhdCI6MTcxMTgwMzEzOCwiZXhwIjoxNzExODExNzc4fQ.Fb9V3w8dVyBe_PSTIW6Mu2WI2yapVzBY6EVjFJyLqTXCLOT4KQp2GaTUQRztK20LcuxBfak_S24g5jvxODkhkg\",\n  \"Content-Type\": \"application/json\",\n  \"user-agent\": \"Mozilla/5.0 (Windows NT 10.0; Win64; x64) AppleWebKit/537.36 (KHTML, like Gecko) Cypress/13.7.1 Chrome/118.0.5993.159 Electron/27.1.3 Safari/537.36\",\n  \"accept\": \"*/*\",\n  \"accept-encoding\": \"gzip, deflate\",\n  \"content-length\": 196\n}\nBody: {\"birthDay\":\"2000-10-10\",\"birthPlace\":\"Istanbul\",\"gender\":\"FEMALE\",\"name\":\"Kübra\",\"password\":\"Kubraa_48@\",\"phoneNumber\":\"798-659-4415\",\"ssn\":\"917-25-9867\",\"surname\":\"Eleonore\",\"username\":\"Aisha\"}\n\n-----------------------------------------------------------\n\nThe response we got was:\n\nStatus: 400 - Bad Request\nHeaders: {\n  \"server\": \"nginx/1.22.0 (Ubuntu)\",\n  \"date\": \"Sat, 30 Mar 2024 12:52:18 GMT\",\n  \"content-type\": \"application/json\",\n  \"transfer-encoding\": \"chunked\",\n  \"connection\": \"keep-alive\",\n  \"vary\": \"Origin, Access-Control-Request-Method, Access-Control-Request-Headers\",\n  \"x-content-type-options\": \"nosniff\",\n  \"x-xss-protection\": \"1; mode=block\",\n  \"cache-control\": \"no-cache, no-store, max-age=0, must-revalidate\",\n  \"pragma\": \"no-cache\",\n  \"expires\": \"0\",\n  \"x-frame-options\": \"SAMEORIGIN\"\n}\nBody: {\n  \"message\": \"Validation failed for object='viceDeanRequest'. Error count: 1\",\n  \"statusCode\": 400,\n  \"path\": \"/app/vicedean/save\",\n  \"timeStamp\": 1711803138497,\n  \"validations\": {\n    \"ssn\": \"Please enter valid SSN number\"\n  }\n}\n\n\nhttps://on.cypress.io/request",
                "estack": "CypressError: `cy.request()` failed on:\n\nhttps://managementonschools.com/app/vicedean/save\n\nThe response we received from your web server was:\n\n  > 400: Bad Request\n\nThis was considered a failure because the status code was not `2xx` or `3xx`.\n\nIf you do not want status codes to cause failures pass the option: `failOnStatusCode: false`\n\n-----------------------------------------------------------\n\nThe request we sent was:\n\nMethod: POST\nURL: https://managementonschools.com/app/vicedean/save\nHeaders: {\n  \"Connection\": \"keep-alive\",\n  \"Authorization\": \"Bearer eyJhbGciOiJIUzUxMiJ9.eyJzdWIiOiJEZWFuRnJhdVRhbiIsImlhdCI6MTcxMTgwMzEzOCwiZXhwIjoxNzExODExNzc4fQ.Fb9V3w8dVyBe_PSTIW6Mu2WI2yapVzBY6EVjFJyLqTXCLOT4KQp2GaTUQRztK20LcuxBfak_S24g5jvxODkhkg\",\n  \"Content-Type\": \"application/json\",\n  \"user-agent\": \"Mozilla/5.0 (Windows NT 10.0; Win64; x64) AppleWebKit/537.36 (KHTML, like Gecko) Cypress/13.7.1 Chrome/118.0.5993.159 Electron/27.1.3 Safari/537.36\",\n  \"accept\": \"*/*\",\n  \"accept-encoding\": \"gzip, deflate\",\n  \"content-length\": 196\n}\nBody: {\"birthDay\":\"2000-10-10\",\"birthPlace\":\"Istanbul\",\"gender\":\"FEMALE\",\"name\":\"Kübra\",\"password\":\"Kubraa_48@\",\"phoneNumber\":\"798-659-4415\",\"ssn\":\"917-25-9867\",\"surname\":\"Eleonore\",\"username\":\"Aisha\"}\n\n-----------------------------------------------------------\n\nThe response we got was:\n\nStatus: 400 - Bad Request\nHeaders: {\n  \"server\": \"nginx/1.22.0 (Ubuntu)\",\n  \"date\": \"Sat, 30 Mar 2024 12:52:18 GMT\",\n  \"content-type\": \"application/json\",\n  \"transfer-encoding\": \"chunked\",\n  \"connection\": \"keep-alive\",\n  \"vary\": \"Origin, Access-Control-Request-Method, Access-Control-Request-Headers\",\n  \"x-content-type-options\": \"nosniff\",\n  \"x-xss-protection\": \"1; mode=block\",\n  \"cache-control\": \"no-cache, no-store, max-age=0, must-revalidate\",\n  \"pragma\": \"no-cache\",\n  \"expires\": \"0\",\n  \"x-frame-options\": \"SAMEORIGIN\"\n}\nBody: {\n  \"message\": \"Validation failed for object='viceDeanRequest'. Error count: 1\",\n  \"statusCode\": 400,\n  \"path\": \"/app/vicedean/save\",\n  \"timeStamp\": 1711803138497,\n  \"validations\": {\n    \"ssn\": \"Please enter valid SSN number\"\n  }\n}\n\n\nhttps://on.cypress.io/request\n    at <unknown> (https://managementonschools.com/__cypress/runner/cypress_runner.js:133123:72)\n    at tryCatcher (https://managementonschools.com/__cypress/runner/cypress_runner.js:1807:23)\n    at Promise._settlePromiseFromHandler (https://managementonschools.com/__cypress/runner/cypress_runner.js:1519:31)\n    at Promise._settlePromise (https://managementonschools.com/__cypress/runner/cypress_runner.js:1576:18)\n    at Promise._settlePromise0 (https://managementonschools.com/__cypress/runner/cypress_runner.js:1621:10)\n    at Promise._settlePromises (https://managementonschools.com/__cypress/runner/cypress_runner.js:1701:18)\n    at _drainQueueStep (https://managementonschools.com/__cypress/runner/cypress_runner.js:2407:12)\n    at _drainQueue (https://managementonschools.com/__cypress/runner/cypress_runner.js:2400:9)\n    at Async._drainQueues (https://managementonschools.com/__cypress/runner/cypress_runner.js:2416:5)\n    at Async.drainQueues (https://managementonschools.com/__cypress/runner/cypress_runner.js:2286:14)\nFrom Your Spec Code:\n    at Context.eval (webpack://cypress_project_school_management/./cypress/support/commands.js:76:5)",
                "diff": null
              },
              "uuid": "3694cac8-4df7-4b6c-aaeb-d15b074f0300",
              "parentUUID": "044c5ee4-8999-4052-bf76-70c948178ef7",
              "isHook": false,
              "skipped": false
            },
            {
              "title": "US06_TC02 addVicedean Validation",
              "fullTitle": "Vice Dean Ekleme US06_TC02 addVicedean Validation",
              "timedOut": null,
              "duration": 326,
              "state": "passed",
              "speed": "fast",
              "pass": true,
              "fail": false,
              "pending": false,
              "context": null,
              "code": "cy.generateToken(loginData.DeanUsername, loginData.DeanPassword).then(token => {\n  console.log(token);\n  cy.request({\n    method: \"GET\",\n    url: credsdata[1].getURL,\n    headers: {\n      Authorization: `${token}`\n    }\n  }).then(response => {\n    expect(response.status).to.eq(200);\n    console.log(response.body);\n    expect(response.body[response.body.length - 1]).to.have.property(\"username\");\n    expect(response.body[response.body.length - 1]).to.have.property(\"ssn\");\n    expect(response.body[response.body.length - 1]).to.have.property(\"name\");\n    expect(response.body[response.body.length - 1]).to.have.property(\"surname\");\n    expect(response.body[response.body.length - 1]).to.have.property(\"birthDay\");\n    expect(response.body[response.body.length - 1]).to.have.property(\"birthPlace\");\n    expect(response.body[response.body.length - 1]).to.have.property(\"phoneNumber\");\n    expect(response.body[response.body.length - 1]).to.have.property(\"gender\");\n  });\n});",
              "err": {},
              "uuid": "28ab18f9-39a6-4ccd-a5c9-cef22bba09d1",
              "parentUUID": "044c5ee4-8999-4052-bf76-70c948178ef7",
              "isHook": false,
              "skipped": false
            }
          ],
          "suites": [],
          "passes": [
            "28ab18f9-39a6-4ccd-a5c9-cef22bba09d1"
          ],
          "failures": [
            "3694cac8-4df7-4b6c-aaeb-d15b074f0300"
          ],
          "pending": [],
          "skipped": [],
          "duration": 850,
          "root": false,
          "rootEmpty": false,
          "_timeout": 2000
        }
      ],
      "passes": [],
      "failures": [],
      "pending": [],
      "skipped": [],
      "duration": 0,
      "root": true,
      "rootEmpty": true,
      "_timeout": 2000
    }
  ],
  "meta": {
    "mocha": {
      "version": "7.0.1"
    },
    "mochawesome": {
      "options": {
        "quiet": false,
        "reportFilename": "[status]_[datetime]-[name]-report",
        "saveHtml": false,
        "saveJson": true,
        "consoleReporter": "spec",
        "useInlineDiffs": false,
        "code": true
      },
      "version": "7.1.3"
    },
    "marge": {
      "options": {
        "overwrite": false,
        "charts": true,
        "reportPageTitle": "ToolShop Project Report",
        "reportFilename": "[status]_[datetime]-[name]-report",
        "timestamp": "shortDate",
        "embeddedScreenshots": true,
        "inlineAssets": true,
        "saveAllAttempts": false,
        "ignoreVideos": false,
        "videoOnFailOnly": false,
        "html": false,
        "json": true,
        "reportDir": "cypress\\reports\\html\\.jsons"
      },
      "version": "6.2.0"
    }
  }
}