{
  "stats": {
    "suites": 1,
    "tests": 1,
    "passes": 0,
    "pending": 0,
    "failures": 1,
    "start": "2024-03-30T12:51:52.345Z",
    "end": "2024-03-30T12:51:53.175Z",
    "duration": 830,
    "testsRegistered": 1,
    "passPercent": 0,
    "pendingPercent": 0,
    "other": 0,
    "hasOther": false,
    "skipped": 0,
    "hasSkipped": false
  },
  "results": [
    {
      "uuid": "795a8e46-44b8-4884-8557-8644cfc364f7",
      "title": "",
      "fullFile": "cypress\\e2e\\API-TEST\\US01-GuestUserCreation.cy.js",
      "file": "cypress\\e2e\\API-TEST\\US01-GuestUserCreation.cy.js",
      "beforeHooks": [],
      "afterHooks": [],
      "tests": [],
      "suites": [
        {
          "uuid": "9dcbb8ec-a5cd-49ba-88b2-185a68581f8e",
          "title": "User Creation",
          "fullFile": "",
          "file": "",
          "beforeHooks": [],
          "afterHooks": [],
          "tests": [
            {
              "title": "create admin",
              "fullTitle": "User Creation create admin",
              "timedOut": null,
              "duration": 697,
              "state": "failed",
              "speed": null,
              "pass": false,
              "fail": true,
              "pending": false,
              "context": null,
              "code": "cy.generateToken(credsData[0].username, credsData[0].password).as(\"authToken\");\ncy.get(\"@authToken\").then(authToken => {\n  // Prepare quest data\n  const guestData = {\n    birthDay: registerData.Date_Of_Birth,\n    birthPlace: registerData.Birth_Place,\n    gender: registerData.GenderMale,\n    name: registerData.Name,\n    password: registerData.Password,\n    phoneNumber: registerData.Phone,\n    ssn: registerData.Ssn,\n    surname: registerData.Surname,\n    username: registerData.User_Name\n  };\n  cy.addGuest(authToken, guestData);\n});",
              "err": {
                "message": "CypressError: `cy.request()` failed on:\n\nhttps://managementonschools.com/app/guestUser/register\n\nThe response we received from your web server was:\n\n  > 409: Conflict\n\nThis was considered a failure because the status code was not `2xx` or `3xx`.\n\nIf you do not want status codes to cause failures pass the option: `failOnStatusCode: false`\n\n-----------------------------------------------------------\n\nThe request we sent was:\n\nMethod: POST\nURL: https://managementonschools.com/app/guestUser/register\nHeaders: {\n  \"Connection\": \"keep-alive\",\n  \"Authorization\": \"Bearer eyJhbGciOiJIUzUxMiJ9.eyJzdWIiOiJoYW1pbmUwMSIsImlhdCI6MTcxMTgwMzExMSwiZXhwIjoxNzExODExNzUxfQ.AiJz6-8DpvA_PMBzPt3H5MP97pqyzhbOyBiNjpjrZ_kz9pknxoGjy1WvZZJbMr2FzVT433vG3s8Fy8A7M17uFA\",\n  \"Content-Type\": \"application/json\",\n  \"user-agent\": \"Mozilla/5.0 (Windows NT 10.0; Win64; x64) AppleWebKit/537.36 (KHTML, like Gecko) Cypress/13.7.1 Chrome/118.0.5993.159 Electron/27.1.3 Safari/537.36\",\n  \"accept\": \"*/*\",\n  \"accept-encoding\": \"gzip, deflate\",\n  \"content-length\": 198\n}\nBody: {\"birthDay\":\"1989-12-01\",\"birthPlace\":\"Ingolstadt\",\"gender\":\"MALE\",\"name\":\"Yagmur\",\"password\":\"Yagmur01@..\",\"phoneNumber\":\"756-465-5636\",\"ssn\":\"612-96-4026\",\"surname\":\"Yuksel\",\"username\":\"Yagmur08\"}\n\n-----------------------------------------------------------\n\nThe response we got was:\n\nStatus: 409 - Conflict\nHeaders: {\n  \"server\": \"nginx/1.22.0 (Ubuntu)\",\n  \"date\": \"Sat, 30 Mar 2024 12:51:51 GMT\",\n  \"content-type\": \"application/json\",\n  \"transfer-encoding\": \"chunked\",\n  \"connection\": \"keep-alive\",\n  \"vary\": \"Origin, Access-Control-Request-Method, Access-Control-Request-Headers\",\n  \"x-content-type-options\": \"nosniff\",\n  \"x-xss-protection\": \"1; mode=block\",\n  \"cache-control\": \"no-cache, no-store, max-age=0, must-revalidate\",\n  \"pragma\": \"no-cache\",\n  \"expires\": \"0\",\n  \"x-frame-options\": \"SAMEORIGIN\"\n}\nBody: {\n  \"message\": \"Error: User with username Yagmur08 already register\",\n  \"statusCode\": 409,\n  \"path\": \"/app/guestUser/register\",\n  \"timeStamp\": 1711803111190\n}\n\n\nhttps://on.cypress.io/request",
                "estack": "CypressError: `cy.request()` failed on:\n\nhttps://managementonschools.com/app/guestUser/register\n\nThe response we received from your web server was:\n\n  > 409: Conflict\n\nThis was considered a failure because the status code was not `2xx` or `3xx`.\n\nIf you do not want status codes to cause failures pass the option: `failOnStatusCode: false`\n\n-----------------------------------------------------------\n\nThe request we sent was:\n\nMethod: POST\nURL: https://managementonschools.com/app/guestUser/register\nHeaders: {\n  \"Connection\": \"keep-alive\",\n  \"Authorization\": \"Bearer eyJhbGciOiJIUzUxMiJ9.eyJzdWIiOiJoYW1pbmUwMSIsImlhdCI6MTcxMTgwMzExMSwiZXhwIjoxNzExODExNzUxfQ.AiJz6-8DpvA_PMBzPt3H5MP97pqyzhbOyBiNjpjrZ_kz9pknxoGjy1WvZZJbMr2FzVT433vG3s8Fy8A7M17uFA\",\n  \"Content-Type\": \"application/json\",\n  \"user-agent\": \"Mozilla/5.0 (Windows NT 10.0; Win64; x64) AppleWebKit/537.36 (KHTML, like Gecko) Cypress/13.7.1 Chrome/118.0.5993.159 Electron/27.1.3 Safari/537.36\",\n  \"accept\": \"*/*\",\n  \"accept-encoding\": \"gzip, deflate\",\n  \"content-length\": 198\n}\nBody: {\"birthDay\":\"1989-12-01\",\"birthPlace\":\"Ingolstadt\",\"gender\":\"MALE\",\"name\":\"Yagmur\",\"password\":\"Yagmur01@..\",\"phoneNumber\":\"756-465-5636\",\"ssn\":\"612-96-4026\",\"surname\":\"Yuksel\",\"username\":\"Yagmur08\"}\n\n-----------------------------------------------------------\n\nThe response we got was:\n\nStatus: 409 - Conflict\nHeaders: {\n  \"server\": \"nginx/1.22.0 (Ubuntu)\",\n  \"date\": \"Sat, 30 Mar 2024 12:51:51 GMT\",\n  \"content-type\": \"application/json\",\n  \"transfer-encoding\": \"chunked\",\n  \"connection\": \"keep-alive\",\n  \"vary\": \"Origin, Access-Control-Request-Method, Access-Control-Request-Headers\",\n  \"x-content-type-options\": \"nosniff\",\n  \"x-xss-protection\": \"1; mode=block\",\n  \"cache-control\": \"no-cache, no-store, max-age=0, must-revalidate\",\n  \"pragma\": \"no-cache\",\n  \"expires\": \"0\",\n  \"x-frame-options\": \"SAMEORIGIN\"\n}\nBody: {\n  \"message\": \"Error: User with username Yagmur08 already register\",\n  \"statusCode\": 409,\n  \"path\": \"/app/guestUser/register\",\n  \"timeStamp\": 1711803111190\n}\n\n\nhttps://on.cypress.io/request\n    at <unknown> (https://managementonschools.com/__cypress/runner/cypress_runner.js:133123:72)\n    at tryCatcher (https://managementonschools.com/__cypress/runner/cypress_runner.js:1807:23)\n    at Promise._settlePromiseFromHandler (https://managementonschools.com/__cypress/runner/cypress_runner.js:1519:31)\n    at Promise._settlePromise (https://managementonschools.com/__cypress/runner/cypress_runner.js:1576:18)\n    at Promise._settlePromise0 (https://managementonschools.com/__cypress/runner/cypress_runner.js:1621:10)\n    at Promise._settlePromises (https://managementonschools.com/__cypress/runner/cypress_runner.js:1701:18)\n    at _drainQueueStep (https://managementonschools.com/__cypress/runner/cypress_runner.js:2407:12)\n    at _drainQueue (https://managementonschools.com/__cypress/runner/cypress_runner.js:2400:9)\n    at Async._drainQueues (https://managementonschools.com/__cypress/runner/cypress_runner.js:2416:5)\n    at Async.drainQueues (https://managementonschools.com/__cypress/runner/cypress_runner.js:2286:14)\nFrom Your Spec Code:\n    at Context.eval (webpack://cypress_project_school_management/./cypress/support/commands.js:51:5)",
                "diff": null
              },
              "uuid": "8f179bfa-cb74-4b11-8054-7db43b699fbb",
              "parentUUID": "9dcbb8ec-a5cd-49ba-88b2-185a68581f8e",
              "isHook": false,
              "skipped": false
            }
          ],
          "suites": [],
          "passes": [],
          "failures": [
            "8f179bfa-cb74-4b11-8054-7db43b699fbb"
          ],
          "pending": [],
          "skipped": [],
          "duration": 697,
          "root": false,
          "rootEmpty": false,
          "_timeout": 2000
        }
      ],
      "passes": [],
      "failures": [],
      "pending": [],
      "skipped": [],
      "duration": 0,
      "root": true,
      "rootEmpty": true,
      "_timeout": 2000
    }
  ],
  "meta": {
    "mocha": {
      "version": "7.0.1"
    },
    "mochawesome": {
      "options": {
        "quiet": false,
        "reportFilename": "[status]_[datetime]-[name]-report",
        "saveHtml": false,
        "saveJson": true,
        "consoleReporter": "spec",
        "useInlineDiffs": false,
        "code": true
      },
      "version": "7.1.3"
    },
    "marge": {
      "options": {
        "overwrite": false,
        "charts": true,
        "reportPageTitle": "ToolShop Project Report",
        "reportFilename": "[status]_[datetime]-[name]-report",
        "timestamp": "shortDate",
        "embeddedScreenshots": true,
        "inlineAssets": true,
        "saveAllAttempts": false,
        "ignoreVideos": false,
        "videoOnFailOnly": false,
        "html": false,
        "json": true,
        "reportDir": "cypress\\reports\\html\\.jsons"
      },
      "version": "6.2.0"
    }
  }
}