{
  "stats": {
    "suites": 1,
    "tests": 2,
    "passes": 0,
    "pending": 0,
    "failures": 2,
    "start": "2024-03-30T12:53:21.073Z",
    "end": "2024-03-30T12:53:21.778Z",
    "duration": 705,
    "testsRegistered": 2,
    "passPercent": 0,
    "pendingPercent": 0,
    "other": 0,
    "hasOther": false,
    "skipped": 0,
    "hasSkipped": false
  },
  "results": [
    {
      "uuid": "78578b98-a54c-42e9-9be0-8ba56335286c",
      "title": "",
      "fullFile": "cypress\\e2e\\DATABASE-TEST\\US-21-StudentChooseLessonDB.cy.js",
      "file": "cypress\\e2e\\DATABASE-TEST\\US-21-StudentChooseLessonDB.cy.js",
      "beforeHooks": [],
      "afterHooks": [],
      "tests": [],
      "suites": [
        {
          "uuid": "5cc765cb-92ec-4056-93b3-3da3d1ad3d1a",
          "title": "US_21 Students, choose lesson, grades and announcement",
          "fullFile": "",
          "file": "",
          "beforeHooks": [],
          "afterHooks": [],
          "tests": [
            {
              "title": "US_21_TC_01 Lesson program Validation",
              "fullTitle": "US_21 Students, choose lesson, grades and announcement US_21_TC_01 Lesson program Validation",
              "timedOut": null,
              "duration": 302,
              "state": "failed",
              "speed": null,
              "pass": false,
              "fail": true,
              "pending": false,
              "context": null,
              "code": "cy.task(\"connectDB\", \"SELECT * FROM lesson_program WHERE id = 3962;\").then(data => {\n  console.log(data);\n  const lesson_programInfo = data.rows[0];\n  expect(lesson_programInfo).to.have.property('day', 'MONDAY');\n  expect(lesson_programInfo).to.have.property('start_time', '12:30:00');\n  expect(lesson_programInfo).to.have.property('stop_time', '15:30:00');\n});",
              "err": {
                "message": "AssertionError: Target cannot be null or undefined.",
                "estack": "AssertionError: Target cannot be null or undefined.\n    at Context.eval (webpack://cypress_project_school_management/./cypress/e2e/DATABASE-TEST/US-21-StudentChooseLessonDB.cy.js:13:76)",
                "diff": null
              },
              "uuid": "557cba61-e957-476b-9994-bcec30e1d7ea",
              "parentUUID": "5cc765cb-92ec-4056-93b3-3da3d1ad3d1a",
              "isHook": false,
              "skipped": false
            },
            {
              "title": "US_21_TC_02 Toplantı görüntüleme",
              "fullTitle": "US_21 Students, choose lesson, grades and announcement US_21_TC_02 Toplantı görüntüleme",
              "timedOut": null,
              "duration": 270,
              "state": "failed",
              "speed": null,
              "pass": false,
              "fail": true,
              "pending": false,
              "context": null,
              "code": "cy.task(\"connectDB\", \"select* from meet where id in (select meet_id from meet_Student_table where student_id =3258)\").then(data => {\n  console.log(data);\n  const meetInfo = data.rows[0];\n  expect(meetInfo).to.have.property('date', '2024-03-24T21:00:00.000Z');\n  expect(meetInfo).to.have.property('description', 'You Know Who');\n  expect(meetInfo).to.have.property('start_time', '16:00:00');\n  expect(meetInfo).to.have.property('stop_time', '17:00:00');\n});",
              "err": {
                "message": "AssertionError: expected Object{ id: '2219', …(5) } to have property 'date' of '2024-03-24T21:00:00.000Z', but got '2024-03-24T23:00:00.000Z'",
                "estack": "AssertionError: expected Object{ id: '2219', …(5) } to have property 'date' of '2024-03-24T21:00:00.000Z', but got '2024-03-24T23:00:00.000Z'\n    at Context.eval (webpack://cypress_project_school_management/./cypress/e2e/DATABASE-TEST/US-21-StudentChooseLessonDB.cy.js:23:124)",
                "diff": "- '2024-03-24T23:00:00.000Z'\n+ '2024-03-24T21:00:00.000Z'\n"
              },
              "uuid": "5b5f7c00-2afa-4a74-adfb-9758360d6717",
              "parentUUID": "5cc765cb-92ec-4056-93b3-3da3d1ad3d1a",
              "isHook": false,
              "skipped": false
            }
          ],
          "suites": [],
          "passes": [],
          "failures": [
            "557cba61-e957-476b-9994-bcec30e1d7ea",
            "5b5f7c00-2afa-4a74-adfb-9758360d6717"
          ],
          "pending": [],
          "skipped": [],
          "duration": 572,
          "root": false,
          "rootEmpty": false,
          "_timeout": 2000
        }
      ],
      "passes": [],
      "failures": [],
      "pending": [],
      "skipped": [],
      "duration": 0,
      "root": true,
      "rootEmpty": true,
      "_timeout": 2000
    }
  ],
  "meta": {
    "mocha": {
      "version": "7.0.1"
    },
    "mochawesome": {
      "options": {
        "quiet": false,
        "reportFilename": "[status]_[datetime]-[name]-report",
        "saveHtml": false,
        "saveJson": true,
        "consoleReporter": "spec",
        "useInlineDiffs": false,
        "code": true
      },
      "version": "7.1.3"
    },
    "marge": {
      "options": {
        "overwrite": false,
        "charts": true,
        "reportPageTitle": "ToolShop Project Report",
        "reportFilename": "[status]_[datetime]-[name]-report",
        "timestamp": "shortDate",
        "embeddedScreenshots": true,
        "inlineAssets": true,
        "saveAllAttempts": false,
        "ignoreVideos": false,
        "videoOnFailOnly": false,
        "html": false,
        "json": true,
        "reportDir": "cypress\\reports\\html\\.jsons"
      },
      "version": "6.2.0"
    }
  }
}