{
  "stats": {
    "suites": 1,
    "tests": 8,
    "passes": 6,
    "pending": 0,
    "failures": 2,
    "start": "2024-03-30T12:53:11.323Z",
    "end": "2024-03-30T12:53:13.121Z",
    "duration": 1798,
    "testsRegistered": 8,
    "passPercent": 75,
    "pendingPercent": 0,
    "other": 0,
    "hasOther": false,
    "skipped": 0,
    "hasSkipped": false
  },
  "results": [
    {
      "uuid": "505fd964-2051-404b-a175-3fb5a74cd0df",
      "title": "",
      "fullFile": "cypress\\e2e\\DATABASE-TEST\\01_ConnectDBTest.cy.js",
      "file": "cypress\\e2e\\DATABASE-TEST\\01_ConnectDBTest.cy.js",
      "beforeHooks": [],
      "afterHooks": [],
      "tests": [],
      "suites": [
        {
          "uuid": "40dae18b-7ec8-4997-946a-bfe02ef4488c",
          "title": "Connect Database",
          "fullFile": "",
          "file": "",
          "beforeHooks": [],
          "afterHooks": [],
          "tests": [
            {
              "title": "Test1",
              "fullTitle": "Connect Database Test1",
              "timedOut": null,
              "duration": 278,
              "state": "passed",
              "speed": "fast",
              "pass": true,
              "fail": false,
              "pending": false,
              "context": null,
              "code": "cy.task('connectDB', \"select*from student\").then(cy.log);",
              "err": {},
              "uuid": "f7c6885c-2328-406d-9eb2-c18316402600",
              "parentUUID": "40dae18b-7ec8-4997-946a-bfe02ef4488c",
              "isHook": false,
              "skipped": false
            },
            {
              "title": "Test2",
              "fullTitle": "Connect Database Test2",
              "timedOut": null,
              "duration": 188,
              "state": "passed",
              "speed": "fast",
              "pass": true,
              "fail": false,
              "pending": false,
              "context": null,
              "code": "cy.task('connectDB', \"select*from student\").then(data => {\n  console.log(data);\n  const studentAli = data.rows.find(student => student.student_number === 1000);\n  expect(studentAli).to.have.property('name', 'Ali');\n  expect(studentAli).to.have.property('surname', 'Can');\n  expect(studentAli).to.have.property('mother_name', 'Derya');\n});",
              "err": {},
              "uuid": "d187d701-8375-4273-afde-b112a37655a6",
              "parentUUID": "40dae18b-7ec8-4997-946a-bfe02ef4488c",
              "isHook": false,
              "skipped": false
            },
            {
              "title": "Validation",
              "fullTitle": "Connect Database Validation",
              "timedOut": null,
              "duration": 273,
              "state": "failed",
              "speed": null,
              "pass": false,
              "fail": true,
              "pending": false,
              "context": null,
              "code": "const expectedStudent = {\n  ssn: '555-55-555',\n  name: 'Ali',\n  surname: 'Can',\n  student_number: 1000\n};\ncy.task('connectDB', \"select*from student where ssn='555-55-5555'\").then(data => {\n  console.log(data);\n  expect(expectedStudent.ssn).to.be.equal(data.rows[0].ssn);\n  expect(expectedStudent.name).to.be.equal(data.rows[0].name);\n  expect(expectedStudent.student_number).to.be.equal(data.rows[0].student_number);\n  expect(expectedStudent.surname).to.be.equal(data.rows[0].surname);\n});",
              "err": {
                "message": "AssertionError: expected '555-55-555' to equal '555-55-5555'",
                "estack": "AssertionError: expected '555-55-555' to equal '555-55-5555'\n    at Context.eval (webpack://cypress_project_school_management/./cypress/e2e/DATABASE-TEST/01_ConnectDBTest.cy.js:29:46)",
                "diff": "- '555-55-555'\n+ '555-55-5555'\n"
              },
              "uuid": "c4013d9f-9dba-4c37-bdd5-876eb2541301",
              "parentUUID": "40dae18b-7ec8-4997-946a-bfe02ef4488c",
              "isHook": false,
              "skipped": false
            },
            {
              "title": "Validation-Test02",
              "fullTitle": "Connect Database Validation-Test02",
              "timedOut": null,
              "duration": 111,
              "state": "passed",
              "speed": "fast",
              "pass": true,
              "fail": false,
              "pending": false,
              "context": null,
              "code": "const expectedStudent = {\n  ssn: '555-55-555',\n  name: 'Ali',\n  surname: 'Can',\n  student_number: 1000\n};\ncy.task('connectDB', \"select*from student where ssn='555-55-5555'\").then(data => {\n  console.log(data);\n  expect(data.rows[0].ssn).to.eq('555-55-5555');\n  expect(data.rows[0].name).to.eq('Ali');\n  expect(data.rows[0].surname).to.eq('Can');\n  expect(data.rows[0].student_number).to.eq(1000);\n});",
              "err": {},
              "uuid": "236741e3-a8ed-48f5-9d63-15bec985a2b1",
              "parentUUID": "40dae18b-7ec8-4997-946a-bfe02ef4488c",
              "isHook": false,
              "skipped": false
            },
            {
              "title": "Assert_Dogrulama",
              "fullTitle": "Connect Database Assert_Dogrulama",
              "timedOut": null,
              "duration": 106,
              "state": "passed",
              "speed": "fast",
              "pass": true,
              "fail": false,
              "pending": false,
              "context": null,
              "code": "cy.task('connectDB', \"select*from student where ssn='555-55-5555'\").then(data => {\n  console.log(data);\n  const student = data.rows[0];\n  assert.equal(student.ssn, '555-55-5555', 'Student SSN is incorrect');\n});",
              "err": {},
              "uuid": "92560a53-3881-4988-ad98-eabe7b13072b",
              "parentUUID": "40dae18b-7ec8-4997-946a-bfe02ef4488c",
              "isHook": false,
              "skipped": false
            },
            {
              "title": "Assert-Dogrulama2",
              "fullTitle": "Connect Database Assert-Dogrulama2",
              "timedOut": null,
              "duration": 106,
              "state": "passed",
              "speed": "fast",
              "pass": true,
              "fail": false,
              "pending": false,
              "context": null,
              "code": "cy.task('connectDB', \"select*from student where ssn='555-55-5555'\").then(data => {\n  console.log(data);\n  const student = data.rows[0];\n  assert.strictEqual(data.rows[0].ssn, '555-55-5555');\n});",
              "err": {},
              "uuid": "ead0ee45-3589-4ed1-8150-870cc00f2a1a",
              "parentUUID": "40dae18b-7ec8-4997-946a-bfe02ef4488c",
              "isHook": false,
              "skipped": false
            },
            {
              "title": "Table Names",
              "fullTitle": "Connect Database Table Names",
              "timedOut": null,
              "duration": 111,
              "state": "passed",
              "speed": "fast",
              "pass": true,
              "fail": false,
              "pending": false,
              "context": null,
              "code": "cy.task('connectDB', \"SELECT table_name FROM information_schema.tables WHERE table_schema = 'public'\").then(data => {\n  console.log(data); // Tablo isimlerini içeren veri burada\n  // Daha fazla işlem yapabilirsiniz\n});",
              "err": {},
              "uuid": "ca43fea2-6146-4742-ba2e-dfad31c389f5",
              "parentUUID": "40dae18b-7ec8-4997-946a-bfe02ef4488c",
              "isHook": false,
              "skipped": false
            },
            {
              "title": "Sutunisimler",
              "fullTitle": "Connect Database Sutunisimler",
              "timedOut": null,
              "duration": 335,
              "state": "failed",
              "speed": null,
              "pass": false,
              "fail": true,
              "pending": false,
              "context": null,
              "code": "cy.task('connectDB', \"select*from student\").then(data => {\n  console.log(data.fields.map(field => field.name));\n  const expectedColumnNames = ['id', 'birth_day', 'birth_place', 'gender'];\n  expect(data.fields.length).to.equal(expectedColumnNames.length);\n  data.fields.forEach((field, index) => {\n    expect(field.name.to.equal(expectedColumnNames[index]));\n  });\n});",
              "err": {
                "message": "AssertionError: expected 17 to equal 4",
                "estack": "AssertionError: expected 17 to equal 4\n    at Context.eval (webpack://cypress_project_school_management/./cypress/e2e/DATABASE-TEST/01_ConnectDBTest.cy.js:92:30)",
                "diff": "- 17\n+ 4\n"
              },
              "uuid": "43163465-aa6a-4bee-9476-6ddec4f4df6f",
              "parentUUID": "40dae18b-7ec8-4997-946a-bfe02ef4488c",
              "isHook": false,
              "skipped": false
            }
          ],
          "suites": [],
          "passes": [
            "f7c6885c-2328-406d-9eb2-c18316402600",
            "d187d701-8375-4273-afde-b112a37655a6",
            "236741e3-a8ed-48f5-9d63-15bec985a2b1",
            "92560a53-3881-4988-ad98-eabe7b13072b",
            "ead0ee45-3589-4ed1-8150-870cc00f2a1a",
            "ca43fea2-6146-4742-ba2e-dfad31c389f5"
          ],
          "failures": [
            "c4013d9f-9dba-4c37-bdd5-876eb2541301",
            "43163465-aa6a-4bee-9476-6ddec4f4df6f"
          ],
          "pending": [],
          "skipped": [],
          "duration": 1508,
          "root": false,
          "rootEmpty": false,
          "_timeout": 2000
        }
      ],
      "passes": [],
      "failures": [],
      "pending": [],
      "skipped": [],
      "duration": 0,
      "root": true,
      "rootEmpty": true,
      "_timeout": 2000
    }
  ],
  "meta": {
    "mocha": {
      "version": "7.0.1"
    },
    "mochawesome": {
      "options": {
        "quiet": false,
        "reportFilename": "[status]_[datetime]-[name]-report",
        "saveHtml": false,
        "saveJson": true,
        "consoleReporter": "spec",
        "useInlineDiffs": false,
        "code": true
      },
      "version": "7.1.3"
    },
    "marge": {
      "options": {
        "overwrite": false,
        "charts": true,
        "reportPageTitle": "ToolShop Project Report",
        "reportFilename": "[status]_[datetime]-[name]-report",
        "timestamp": "shortDate",
        "embeddedScreenshots": true,
        "inlineAssets": true,
        "saveAllAttempts": false,
        "ignoreVideos": false,
        "videoOnFailOnly": false,
        "html": false,
        "json": true,
        "reportDir": "cypress\\reports\\html\\.jsons"
      },
      "version": "6.2.0"
    }
  }
}