{
  "stats": {
    "suites": 1,
    "tests": 2,
    "passes": 0,
    "pending": 0,
    "failures": 2,
    "start": "2024-03-30T12:52:28.484Z",
    "end": "2024-03-30T12:52:29.448Z",
    "duration": 964,
    "testsRegistered": 2,
    "passPercent": 0,
    "pendingPercent": 0,
    "other": 0,
    "hasOther": false,
    "skipped": 0,
    "hasSkipped": false
  },
  "results": [
    {
      "uuid": "71595c91-23fb-47ab-acb4-a5e906a42605",
      "title": "",
      "fullFile": "cypress\\e2e\\API-TEST\\US14-ViceDeanTeacherVisibilityUndUpdate.cy.js",
      "file": "cypress\\e2e\\API-TEST\\US14-ViceDeanTeacherVisibilityUndUpdate.cy.js",
      "beforeHooks": [],
      "afterHooks": [],
      "tests": [],
      "suites": [
        {
          "uuid": "178c0196-8a0a-46a7-9675-c0939a58eb9f",
          "title": "US_14 Vice Dean öğretmenleri görebilmeli ve güncelleme yapabilmelidir.",
          "fullFile": "",
          "file": "",
          "beforeHooks": [],
          "afterHooks": [],
          "tests": [
            {
              "title": "US_14_TC_01 Oluşturulan öğretmenin bilgileri doğrulanabilmeli",
              "fullTitle": "US_14 Vice Dean öğretmenleri görebilmeli ve güncelleme yapabilmelidir. US_14_TC_01 Oluşturulan öğretmenin bilgileri doğrulanabilmeli",
              "timedOut": null,
              "duration": 415,
              "state": "failed",
              "speed": null,
              "pass": false,
              "fail": true,
              "pending": false,
              "context": null,
              "code": "cy.on('uncaught:exception', (err, runnable) => {\n  return false;\n});\n//token olustur\ncy.generateToken(vicedeanlogindata.userName, vicedeanlogindata.password).then(token => {\n  console.log(token);\n  cy.request({\n    method: \"GET\",\n    url: \"https://managementonschools.com/app/teachers/getSavedTeacherById/5339\",\n    headers: {\n      Authorization: `${token}`\n    }\n  }).then(response => {\n    expect(response.status).to.eq(200);\n    console.log(response.body);\n    cy.log(JSON.stringify(response.body));\n    expect(response.statusText).to.eq(\"OK\");\n    expect(response.headers[\"content-type\"]).to.include(\"application/json\");\n    expect(response.body.message).to.eq(\"Teacher successfully found\");\n    expect(response.body.object.id).to.eq(5339);\n    expect(response.body.object.surname).to.eq(\"Potter\");\n    expect(response.body.object.phoneNumber).to.eq(\"123-345-6789\");\n    expect(response.body.object.ssn).to.eq(\"456-56-9876\");\n  });\n});",
              "err": {
                "message": "AssertionError: expected 'Sprout' to equal 'Potter'",
                "estack": "AssertionError: expected 'Sprout' to equal 'Potter'\n    at Context.eval (webpack://cypress_project_school_management/./cypress/e2e/API-TEST/US14-ViceDeanTeacherVisibilityUndUpdate.cy.js:29:9)",
                "diff": "- 'Sprout'\n+ 'Potter'\n"
              },
              "uuid": "1b3fdc03-ab70-46f5-bda4-ec906c47464f",
              "parentUUID": "178c0196-8a0a-46a7-9675-c0939a58eb9f",
              "isHook": false,
              "skipped": false
            },
            {
              "title": "US_14_TC_02 Oluşturulan öğretmenin bilgileri güncellenebilmeli",
              "fullTitle": "US_14 Vice Dean öğretmenleri görebilmeli ve güncelleme yapabilmelidir. US_14_TC_02 Oluşturulan öğretmenin bilgileri güncellenebilmeli",
              "timedOut": null,
              "duration": 394,
              "state": "failed",
              "speed": null,
              "pass": false,
              "fail": true,
              "pending": false,
              "context": null,
              "code": "cy.on('uncaught:exception', (err, runnable) => {\n  return false;\n});\n//Set the url\n//const pathparam1= \"/teachers\";\n//const pathparam2= \"/update\";\n//const pathparam3= \"/5339\";\n//token olustur\ncy.generateToken(vicedeanlogindata.userName, vicedeanlogindata.password).then(token => {\n  console.log(token);\n  cy.fixture(\"updateTeacherPayload\").as(\"payload\");\n  //cy.fixture(\"updateTeacherResponse\").as(\"expectedData\");\n  cy.get(\"@payload\").then(payload => {\n    //  cy.get(\"@expectedData\").then((expectedData) => {\n    cy.request({\n      method: \"PUT\",\n      url: `https://managementonschools.com/app/teachers/update/5339`,\n      //${pathparam1}${pathparam2}${pathparam3}`,\n      body: payload,\n      headers: {\n        Authorization: `${token}`,\n        \"Content-Type\": \"application/json\"\n      },\n      //failOnStatusCode: false,\n      ignoreUnknown: true\n    }).then(response => {\n      console.log(response.body);\n      cy.log(JSON.stringify(response.body));\n      const actualData = response.body.object;\n      expect(response.status).to.eq(200);\n      expect(actualData.userId).to.eq(5339);\n      expect(actualData.username).to.eq(payload.username);\n      expect(actualData.name).to.eq(payload.name);\n      expect(actualData.surname).to.eq(payload.surname);\n      expect(actualData.birthDay).to.eq(payload.birthDay);\n      expect(actualData.ssn).to.eq(payload.ssn);\n      expect(actualData.birthPlace).to.eq(payload.birthPlace);\n      expect(actualData.phoneNumber).to.eq(payload.phoneNumber);\n      expect(actualData.gender).to.eq(payload.gender);\n      expect(actualData.email).to.eq(payload.email);\n      //expect(actualData.isAdvisorTeacher).to.eq(payload.isAdvisorTeacher);\n      expect(response.body.message).to.eq(\"Teacher updated Successful\");\n      expect(response.body.httpStatus).to.eq(\"OK\");\n    });\n  });\n});",
              "err": {
                "message": "CypressError: `cy.request()` failed on:\n\nhttps://managementonschools.com/app/teachers/update/5339\n\nThe response we received from your web server was:\n\n  > 400: Bad Request\n\nThis was considered a failure because the status code was not `2xx` or `3xx`.\n\nIf you do not want status codes to cause failures pass the option: `failOnStatusCode: false`\n\n-----------------------------------------------------------\n\nThe request we sent was:\n\nMethod: PUT\nURL: https://managementonschools.com/app/teachers/update/5339\nHeaders: {\n  \"Connection\": \"keep-alive\",\n  \"Authorization\": \"Bearer eyJhbGciOiJIUzUxMiJ9.eyJzdWIiOiJBbGJ1cyIsImlhdCI6MTcxMTgwMzE0NywiZXhwIjoxNzExODExNzg3fQ.TF4T0aDIUjQHu9QBQBk6TYzhFz12t4qsOhJrQUDqFZnJLOsfjJtlQPPZMGQ6H4RDDIU6Fr_rhP_l2ieWGefsMQ\",\n  \"Content-Type\": \"application/json\",\n  \"user-agent\": \"Mozilla/5.0 (Windows NT 10.0; Win64; x64) AppleWebKit/537.36 (KHTML, like Gecko) Cypress/13.7.1 Chrome/118.0.5993.159 Electron/27.1.3 Safari/537.36\",\n  \"accept\": \"*/*\",\n  \"accept-encoding\": \"gzip, deflate\",\n  \"content-length\": 269\n}\nBody: {\"birthDay\":\"1960-11-11\",\"birthPlace\":\"Leeds\",\"email\":\"potterp@gmail.com\",\"gender\":\"FEMALE\",\"isAdvisorTeacher\":\"true\",\"lessonsIdList\":[3962],\"name\":\"Pomona\",\"password\":\"Pomona123.\",\"phoneNumber\":\"123-345-6789\",\"ssn\":\"456-56-9876\",\"surname\":\"Potter\",\"username\":\"Pomona\"}\n\n-----------------------------------------------------------\n\nThe response we got was:\n\nStatus: 400 - Bad Request\nHeaders: {\n  \"server\": \"nginx/1.22.0 (Ubuntu)\",\n  \"date\": \"Sat, 30 Mar 2024 12:52:27 GMT\",\n  \"content-type\": \"application/json\",\n  \"transfer-encoding\": \"chunked\",\n  \"connection\": \"keep-alive\",\n  \"vary\": \"Origin, Access-Control-Request-Method, Access-Control-Request-Headers\",\n  \"x-content-type-options\": \"nosniff\",\n  \"x-xss-protection\": \"1; mode=block\",\n  \"cache-control\": \"no-cache, no-store, max-age=0, must-revalidate\",\n  \"pragma\": \"no-cache\",\n  \"expires\": \"0\",\n  \"x-frame-options\": \"SAMEORIGIN\"\n}\nBody: {\n  \"message\": \"Error: Lesson Programs not found\",\n  \"statusCode\": 400,\n  \"path\": \"/app/teachers/update/5339\",\n  \"timeStamp\": 1711803147647\n}\n\n\nhttps://on.cypress.io/request",
                "estack": "CypressError: `cy.request()` failed on:\n\nhttps://managementonschools.com/app/teachers/update/5339\n\nThe response we received from your web server was:\n\n  > 400: Bad Request\n\nThis was considered a failure because the status code was not `2xx` or `3xx`.\n\nIf you do not want status codes to cause failures pass the option: `failOnStatusCode: false`\n\n-----------------------------------------------------------\n\nThe request we sent was:\n\nMethod: PUT\nURL: https://managementonschools.com/app/teachers/update/5339\nHeaders: {\n  \"Connection\": \"keep-alive\",\n  \"Authorization\": \"Bearer eyJhbGciOiJIUzUxMiJ9.eyJzdWIiOiJBbGJ1cyIsImlhdCI6MTcxMTgwMzE0NywiZXhwIjoxNzExODExNzg3fQ.TF4T0aDIUjQHu9QBQBk6TYzhFz12t4qsOhJrQUDqFZnJLOsfjJtlQPPZMGQ6H4RDDIU6Fr_rhP_l2ieWGefsMQ\",\n  \"Content-Type\": \"application/json\",\n  \"user-agent\": \"Mozilla/5.0 (Windows NT 10.0; Win64; x64) AppleWebKit/537.36 (KHTML, like Gecko) Cypress/13.7.1 Chrome/118.0.5993.159 Electron/27.1.3 Safari/537.36\",\n  \"accept\": \"*/*\",\n  \"accept-encoding\": \"gzip, deflate\",\n  \"content-length\": 269\n}\nBody: {\"birthDay\":\"1960-11-11\",\"birthPlace\":\"Leeds\",\"email\":\"potterp@gmail.com\",\"gender\":\"FEMALE\",\"isAdvisorTeacher\":\"true\",\"lessonsIdList\":[3962],\"name\":\"Pomona\",\"password\":\"Pomona123.\",\"phoneNumber\":\"123-345-6789\",\"ssn\":\"456-56-9876\",\"surname\":\"Potter\",\"username\":\"Pomona\"}\n\n-----------------------------------------------------------\n\nThe response we got was:\n\nStatus: 400 - Bad Request\nHeaders: {\n  \"server\": \"nginx/1.22.0 (Ubuntu)\",\n  \"date\": \"Sat, 30 Mar 2024 12:52:27 GMT\",\n  \"content-type\": \"application/json\",\n  \"transfer-encoding\": \"chunked\",\n  \"connection\": \"keep-alive\",\n  \"vary\": \"Origin, Access-Control-Request-Method, Access-Control-Request-Headers\",\n  \"x-content-type-options\": \"nosniff\",\n  \"x-xss-protection\": \"1; mode=block\",\n  \"cache-control\": \"no-cache, no-store, max-age=0, must-revalidate\",\n  \"pragma\": \"no-cache\",\n  \"expires\": \"0\",\n  \"x-frame-options\": \"SAMEORIGIN\"\n}\nBody: {\n  \"message\": \"Error: Lesson Programs not found\",\n  \"statusCode\": 400,\n  \"path\": \"/app/teachers/update/5339\",\n  \"timeStamp\": 1711803147647\n}\n\n\nhttps://on.cypress.io/request\n    at <unknown> (https://managementonschools.com/__cypress/runner/cypress_runner.js:133123:72)\n    at tryCatcher (https://managementonschools.com/__cypress/runner/cypress_runner.js:1807:23)\n    at Promise._settlePromiseFromHandler (https://managementonschools.com/__cypress/runner/cypress_runner.js:1519:31)\n    at Promise._settlePromise (https://managementonschools.com/__cypress/runner/cypress_runner.js:1576:18)\n    at Promise._settlePromise0 (https://managementonschools.com/__cypress/runner/cypress_runner.js:1621:10)\n    at Promise._settlePromises (https://managementonschools.com/__cypress/runner/cypress_runner.js:1701:18)\n    at _drainQueueStep (https://managementonschools.com/__cypress/runner/cypress_runner.js:2407:12)\n    at _drainQueue (https://managementonschools.com/__cypress/runner/cypress_runner.js:2400:9)\n    at Async._drainQueues (https://managementonschools.com/__cypress/runner/cypress_runner.js:2416:5)\n    at Async.drainQueues (https://managementonschools.com/__cypress/runner/cypress_runner.js:2286:14)\nFrom Your Spec Code:\n    at Context.eval (webpack://cypress_project_school_management/./cypress/e2e/API-TEST/US14-ViceDeanTeacherVisibilityUndUpdate.cy.js:64:8)",
                "diff": null
              },
              "uuid": "7ad6d96b-2d4c-4a1e-ada9-7394a44693d7",
              "parentUUID": "178c0196-8a0a-46a7-9675-c0939a58eb9f",
              "isHook": false,
              "skipped": false
            }
          ],
          "suites": [],
          "passes": [],
          "failures": [
            "1b3fdc03-ab70-46f5-bda4-ec906c47464f",
            "7ad6d96b-2d4c-4a1e-ada9-7394a44693d7"
          ],
          "pending": [],
          "skipped": [],
          "duration": 809,
          "root": false,
          "rootEmpty": false,
          "_timeout": 2000
        }
      ],
      "passes": [],
      "failures": [],
      "pending": [],
      "skipped": [],
      "duration": 0,
      "root": true,
      "rootEmpty": true,
      "_timeout": 2000
    }
  ],
  "meta": {
    "mocha": {
      "version": "7.0.1"
    },
    "mochawesome": {
      "options": {
        "quiet": false,
        "reportFilename": "[status]_[datetime]-[name]-report",
        "saveHtml": false,
        "saveJson": true,
        "consoleReporter": "spec",
        "useInlineDiffs": false,
        "code": true
      },
      "version": "7.1.3"
    },
    "marge": {
      "options": {
        "overwrite": false,
        "charts": true,
        "reportPageTitle": "ToolShop Project Report",
        "reportFilename": "[status]_[datetime]-[name]-report",
        "timestamp": "shortDate",
        "embeddedScreenshots": true,
        "inlineAssets": true,
        "saveAllAttempts": false,
        "ignoreVideos": false,
        "videoOnFailOnly": false,
        "html": false,
        "json": true,
        "reportDir": "cypress\\reports\\html\\.jsons"
      },
      "version": "6.2.0"
    }
  }
}