{
  "stats": {
    "suites": 1,
    "tests": 1,
    "passes": 0,
    "pending": 0,
    "failures": 1,
    "start": "2024-03-30T12:52:01.243Z",
    "end": "2024-03-30T12:52:01.820Z",
    "duration": 577,
    "testsRegistered": 1,
    "passPercent": 0,
    "pendingPercent": 0,
    "other": 0,
    "hasOther": false,
    "skipped": 0,
    "hasSkipped": false
  },
  "results": [
    {
      "uuid": "06534345-7f71-4efd-bd60-65a8714e406f",
      "title": "",
      "fullFile": "cypress\\e2e\\API-TEST\\US02-GuestUserValidations.cy.js",
      "file": "cypress\\e2e\\API-TEST\\US02-GuestUserValidations.cy.js",
      "beforeHooks": [],
      "afterHooks": [],
      "tests": [],
      "suites": [
        {
          "uuid": "c274d262-9834-4604-b2e5-0489ddb73938",
          "title": "guest user validation",
          "fullFile": "",
          "file": "",
          "beforeHooks": [],
          "afterHooks": [],
          "tests": [
            {
              "title": "GelAll GuestUser",
              "fullTitle": "guest user validation GelAll GuestUser",
              "timedOut": null,
              "duration": 458,
              "state": "failed",
              "speed": null,
              "pass": false,
              "fail": true,
              "pending": false,
              "context": null,
              "code": "cy.generateToken(credsData[0].username, credsData[0].password).then(token => {\n  cy.request({\n    method: \"GET\",\n    url: credsData[0].getURL,\n    headers: {\n      Authorization: `${token}`\n    }\n  }).then(response => {\n    expect(response.status).to.eq(200);\n    console.log(response.body);\n    expect(response.body.content[7].username).to.eq(registerData.User_Name);\n    expect(response.body.content[7].name).to.eq(registerData.Name);\n    expect(response.body.content[7].phoneNumber).to.eq(registerData.Phone);\n    expect(response.body.content[7].password).to.eq(registerData.password);\n    expect(response.body.content[7].surname).to.eq(registerData.Surname);\n    expect(response.body.content[7].gender).to.eq(registerData.GenderMale);\n  });\n});",
              "err": {
                "message": "AssertionError: expected 'Evrim12' to equal 'Yagmur08'",
                "estack": "AssertionError: expected 'Evrim12' to equal 'Yagmur08'\n    at Context.eval (webpack://cypress_project_school_management/./cypress/e2e/API-TEST/US02-GuestUserValidations.cy.js:31:65)",
                "diff": "- 'Evrim12'\n+ 'Yagmur08'\n"
              },
              "uuid": "9641c3a1-88e7-4928-9403-46162e6827e4",
              "parentUUID": "c274d262-9834-4604-b2e5-0489ddb73938",
              "isHook": false,
              "skipped": false
            }
          ],
          "suites": [],
          "passes": [],
          "failures": [
            "9641c3a1-88e7-4928-9403-46162e6827e4"
          ],
          "pending": [],
          "skipped": [],
          "duration": 458,
          "root": false,
          "rootEmpty": false,
          "_timeout": 2000
        }
      ],
      "passes": [],
      "failures": [],
      "pending": [],
      "skipped": [],
      "duration": 0,
      "root": true,
      "rootEmpty": true,
      "_timeout": 2000
    }
  ],
  "meta": {
    "mocha": {
      "version": "7.0.1"
    },
    "mochawesome": {
      "options": {
        "quiet": false,
        "reportFilename": "[status]_[datetime]-[name]-report",
        "saveHtml": false,
        "saveJson": true,
        "consoleReporter": "spec",
        "useInlineDiffs": false,
        "code": true
      },
      "version": "7.1.3"
    },
    "marge": {
      "options": {
        "overwrite": false,
        "charts": true,
        "reportPageTitle": "ToolShop Project Report",
        "reportFilename": "[status]_[datetime]-[name]-report",
        "timestamp": "shortDate",
        "embeddedScreenshots": true,
        "inlineAssets": true,
        "saveAllAttempts": false,
        "ignoreVideos": false,
        "videoOnFailOnly": false,
        "html": false,
        "json": true,
        "reportDir": "cypress\\reports\\html\\.jsons"
      },
      "version": "6.2.0"
    }
  }
}