{
  "stats": {
    "suites": 1,
    "tests": 1,
    "passes": 1,
    "pending": 0,
    "failures": 0,
    "start": "2024-03-30T12:55:20.741Z",
    "end": "2024-03-30T12:55:39.733Z",
    "duration": 18992,
    "testsRegistered": 1,
    "passPercent": 100,
    "pendingPercent": 0,
    "other": 0,
    "hasOther": false,
    "skipped": 0,
    "hasSkipped": false
  },
  "results": [
    {
      "uuid": "73d9a5df-dab0-4279-890c-b8717da4676e",
      "title": "",
      "fullFile": "cypress\\e2e\\SMOKE-TEST\\AdminViceDeanCreate.cy.js",
      "file": "cypress\\e2e\\SMOKE-TEST\\AdminViceDeanCreate.cy.js",
      "beforeHooks": [],
      "afterHooks": [],
      "tests": [],
      "suites": [
        {
          "uuid": "4947ca6b-7a2a-4e69-b375-830afc75ca01",
          "title": "Dean Login Test Suite",
          "fullFile": "",
          "file": "",
          "beforeHooks": [],
          "afterHooks": [],
          "tests": [
            {
              "title": "TC01 - Positive test for Vice Dean Management Page",
              "fullTitle": "Dean Login Test Suite TC01 - Positive test for Vice Dean Management Page",
              "timedOut": null,
              "duration": 18870,
              "state": "passed",
              "speed": "slow",
              "pass": true,
              "fail": false,
              "pending": false,
              "context": null,
              "code": "_viceDeanManagementPage.viceDeanManagementPage.writeName(viceDeanData.name);\n_viceDeanManagementPage.viceDeanManagementPage.writeSurName(viceDeanData.surName);\n_viceDeanManagementPage.viceDeanManagementPage.writeDateofBirth(viceDeanData.dateOfBirth);\n_viceDeanManagementPage.viceDeanManagementPage.writePhoneNumber(fakephoneNumber);\n_viceDeanManagementPage.viceDeanManagementPage.writeBirthPlace(viceDeanData.birhtPlace);\n_viceDeanManagementPage.viceDeanManagementPage.clickGenderFemaleButton(viceDeanData.gender);\n_viceDeanManagementPage.viceDeanManagementPage.writePassword(viceDeanData.password);\n_viceDeanManagementPage.viceDeanManagementPage.writeSsn(fakeSSN);\n_viceDeanManagementPage.viceDeanManagementPage.writeUserName(fakeUsername);\n_viceDeanManagementPage.viceDeanManagementPage.clickSubmitButton();\n_viceDeanManagementPage.viceDeanManagementPage.visibleViceDeanSaved(viceDeanData.viceDeanSaved);",
              "err": {},
              "uuid": "74d08c12-74c2-4b03-a2bf-e423fb64321f",
              "parentUUID": "4947ca6b-7a2a-4e69-b375-830afc75ca01",
              "isHook": false,
              "skipped": false
            }
          ],
          "suites": [],
          "passes": [
            "74d08c12-74c2-4b03-a2bf-e423fb64321f"
          ],
          "failures": [],
          "pending": [],
          "skipped": [],
          "duration": 18870,
          "root": false,
          "rootEmpty": false,
          "_timeout": 2000
        }
      ],
      "passes": [],
      "failures": [],
      "pending": [],
      "skipped": [],
      "duration": 0,
      "root": true,
      "rootEmpty": true,
      "_timeout": 2000
    }
  ],
  "meta": {
    "mocha": {
      "version": "7.0.1"
    },
    "mochawesome": {
      "options": {
        "quiet": false,
        "reportFilename": "[status]_[datetime]-[name]-report",
        "saveHtml": false,
        "saveJson": true,
        "consoleReporter": "spec",
        "useInlineDiffs": false,
        "code": true
      },
      "version": "7.1.3"
    },
    "marge": {
      "options": {
        "overwrite": false,
        "charts": true,
        "reportPageTitle": "ToolShop Project Report",
        "reportFilename": "[status]_[datetime]-[name]-report",
        "timestamp": "shortDate",
        "embeddedScreenshots": true,
        "inlineAssets": true,
        "saveAllAttempts": false,
        "ignoreVideos": false,
        "videoOnFailOnly": false,
        "html": false,
        "json": true,
        "reportDir": "cypress\\reports\\html\\.jsons"
      },
      "version": "6.2.0"
    }
  }
}