{
  "stats": {
    "suites": 1,
    "tests": 2,
    "passes": 2,
    "pending": 0,
    "failures": 0,
    "start": "2024-03-30T12:53:38.002Z",
    "end": "2024-03-30T12:53:38.754Z",
    "duration": 752,
    "testsRegistered": 2,
    "passPercent": 100,
    "pendingPercent": 0,
    "other": 0,
    "hasOther": false,
    "skipped": 0,
    "hasSkipped": false
  },
  "results": [
    {
      "uuid": "f921b2b5-e1ad-4e5d-9ebe-87df45e1b424",
      "title": "",
      "fullFile": "cypress\\e2e\\DATABASE-TEST\\US06-DeanCreateViceDean.cy.js",
      "file": "cypress\\e2e\\DATABASE-TEST\\US06-DeanCreateViceDean.cy.js",
      "beforeHooks": [],
      "afterHooks": [],
      "tests": [],
      "suites": [
        {
          "uuid": "2953817f-faf3-469b-bcd5-7976e4a4c640",
          "title": "US06 Dean Creative Vicedean Validation",
          "fullFile": "",
          "file": "",
          "beforeHooks": [],
          "afterHooks": [],
          "tests": [
            {
              "title": "ViceDean List Validation",
              "fullTitle": "US06 Dean Creative Vicedean Validation ViceDean List Validation",
              "timedOut": null,
              "duration": 544,
              "state": "passed",
              "speed": "fast",
              "pass": true,
              "fail": false,
              "pending": false,
              "context": null,
              "code": "cy.task('connectDB', \"select*from vice_dean\").then(data => {\n  console.log(data);\n});",
              "err": {},
              "uuid": "295da8cd-c6dc-4dad-b98c-104b7ed68715",
              "parentUUID": "2953817f-faf3-469b-bcd5-7976e4a4c640",
              "isHook": false,
              "skipped": false
            },
            {
              "title": "vicedean validation db test",
              "fullTitle": "US06 Dean Creative Vicedean Validation vicedean validation db test",
              "timedOut": null,
              "duration": 135,
              "state": "passed",
              "speed": "fast",
              "pass": true,
              "fail": false,
              "pending": false,
              "context": null,
              "code": "const expectedvicedean = {\n  name: \"Kübra\",\n  surName: \"Tanribuyurdu\",\n  dateOfBirth: \"2000-10-09T22:00:00.000Z\",\n  phone: \"577-146-6140\",\n  birhtPlace: \"Istanbul\",\n  gender: 1,\n  password: \"Kubraa_48@\",\n  ssn: \"434-66-9099\",\n  userName: \"Vicedean\"\n};\ncy.task(\"connectDB\", \"SELECT * FROM vice_dean WHERE ssn = '434-66-9099' \").then(data => {\n  console.log(data);\n  expect(expectedvicedean.name).to.be.equal(data.rows[0].name);\n  expect(expectedvicedean.surName).to.be.equal(data.rows[0].surname);\n  expect(expectedvicedean.dateOfBirth).to.be.equal(data.rows[0].birth_day);\n  expect(expectedvicedean.phone).to.be.equal(data.rows[0].phone_number);\n  expect(expectedvicedean.birhtPlace).to.be.equal(data.rows[0].birth_place);\n  expect(expectedvicedean.gender).to.be.equal(data.rows[0].gender);\n  expect(expectedvicedean.userName).to.be.equal(data.rows[0].username);\n  // expect(expectedvicedean.).to.have.property('surname','Tanribuyurdu')\n});",
              "err": {},
              "uuid": "078dfbd8-9b4e-4244-8cd1-3fe7aa2df30d",
              "parentUUID": "2953817f-faf3-469b-bcd5-7976e4a4c640",
              "isHook": false,
              "skipped": false
            }
          ],
          "suites": [],
          "passes": [
            "295da8cd-c6dc-4dad-b98c-104b7ed68715",
            "078dfbd8-9b4e-4244-8cd1-3fe7aa2df30d"
          ],
          "failures": [],
          "pending": [],
          "skipped": [],
          "duration": 679,
          "root": false,
          "rootEmpty": false,
          "_timeout": 2000
        }
      ],
      "passes": [],
      "failures": [],
      "pending": [],
      "skipped": [],
      "duration": 0,
      "root": true,
      "rootEmpty": true,
      "_timeout": 2000
    }
  ],
  "meta": {
    "mocha": {
      "version": "7.0.1"
    },
    "mochawesome": {
      "options": {
        "quiet": false,
        "reportFilename": "[status]_[datetime]-[name]-report",
        "saveHtml": false,
        "saveJson": true,
        "consoleReporter": "spec",
        "useInlineDiffs": false,
        "code": true
      },
      "version": "7.1.3"
    },
    "marge": {
      "options": {
        "overwrite": false,
        "charts": true,
        "reportPageTitle": "ToolShop Project Report",
        "reportFilename": "[status]_[datetime]-[name]-report",
        "timestamp": "shortDate",
        "embeddedScreenshots": true,
        "inlineAssets": true,
        "saveAllAttempts": false,
        "ignoreVideos": false,
        "videoOnFailOnly": false,
        "html": false,
        "json": true,
        "reportDir": "cypress\\reports\\html\\.jsons"
      },
      "version": "6.2.0"
    }
  }
}