{
  "stats": {
    "suites": 1,
    "tests": 1,
    "passes": 1,
    "pending": 0,
    "failures": 0,
    "start": "2024-03-30T12:53:49.447Z",
    "end": "2024-03-30T12:53:50.088Z",
    "duration": 641,
    "testsRegistered": 1,
    "passPercent": 100,
    "pendingPercent": 0,
    "other": 0,
    "hasOther": false,
    "skipped": 0,
    "hasSkipped": false
  },
  "results": [
    {
      "uuid": "e3d620f3-1ded-4294-a3e2-400801a80640",
      "title": "",
      "fullFile": "cypress\\e2e\\DATABASE-TEST\\US14-TeacherValidationDB.cy.js",
      "file": "cypress\\e2e\\DATABASE-TEST\\US14-TeacherValidationDB.cy.js",
      "beforeHooks": [],
      "afterHooks": [],
      "tests": [],
      "suites": [
        {
          "uuid": "b260e8cb-c66c-4514-8113-e702d83d67af",
          "title": "Teacher Validation DB",
          "fullFile": "",
          "file": "",
          "beforeHooks": [],
          "afterHooks": [],
          "tests": [
            {
              "title": "teacher validation db test",
              "fullTitle": "Teacher Validation DB teacher validation db test",
              "timedOut": null,
              "duration": 561,
              "state": "passed",
              "speed": "fast",
              "pass": true,
              "fail": false,
              "pending": false,
              "context": null,
              "code": "cy.task(\"connectDB\", \"SELECT * FROM teacher WHERE surname = 'Potter';\").then(data => {\n  console.log(data);\n  const teacherInfo = data.rows[0];\n  expect(teacherInfo).to.have.property('name', 'Zena');\n  expect(teacherInfo).to.have.property('surname', 'Potter');\n  expect(teacherInfo).to.have.property('birth_place', 'Hogwarts');\n});",
              "err": {},
              "uuid": "1f6b3375-7a19-4925-a19a-808d7aedbe84",
              "parentUUID": "b260e8cb-c66c-4514-8113-e702d83d67af",
              "isHook": false,
              "skipped": false
            }
          ],
          "suites": [],
          "passes": [
            "1f6b3375-7a19-4925-a19a-808d7aedbe84"
          ],
          "failures": [],
          "pending": [],
          "skipped": [],
          "duration": 561,
          "root": false,
          "rootEmpty": false,
          "_timeout": 2000
        }
      ],
      "passes": [],
      "failures": [],
      "pending": [],
      "skipped": [],
      "duration": 0,
      "root": true,
      "rootEmpty": true,
      "_timeout": 2000
    }
  ],
  "meta": {
    "mocha": {
      "version": "7.0.1"
    },
    "mochawesome": {
      "options": {
        "quiet": false,
        "reportFilename": "[status]_[datetime]-[name]-report",
        "saveHtml": false,
        "saveJson": true,
        "consoleReporter": "spec",
        "useInlineDiffs": false,
        "code": true
      },
      "version": "7.1.3"
    },
    "marge": {
      "options": {
        "overwrite": false,
        "charts": true,
        "reportPageTitle": "ToolShop Project Report",
        "reportFilename": "[status]_[datetime]-[name]-report",
        "timestamp": "shortDate",
        "embeddedScreenshots": true,
        "inlineAssets": true,
        "saveAllAttempts": false,
        "ignoreVideos": false,
        "videoOnFailOnly": false,
        "html": false,
        "json": true,
        "reportDir": "cypress\\reports\\html\\.jsons"
      },
      "version": "6.2.0"
    }
  }
}