{
  "stats": {
    "suites": 1,
    "tests": 1,
    "passes": 1,
    "pending": 0,
    "failures": 0,
    "start": "2024-03-30T12:52:37.586Z",
    "end": "2024-03-30T12:52:38.017Z",
    "duration": 431,
    "testsRegistered": 1,
    "passPercent": 100,
    "pendingPercent": 0,
    "other": 0,
    "hasOther": false,
    "skipped": 0,
    "hasSkipped": false
  },
  "results": [
    {
      "uuid": "d876b724-e5d4-41d6-bee9-943e1a285113",
      "title": "",
      "fullFile": "cypress\\e2e\\API-TEST\\US16-ViceDeanMessageVisibility.cy.js",
      "file": "cypress\\e2e\\API-TEST\\US16-ViceDeanMessageVisibility.cy.js",
      "beforeHooks": [],
      "afterHooks": [],
      "tests": [],
      "suites": [
        {
          "uuid": "aa3c8c39-d11d-4942-bc6c-c31855d9c83c",
          "title": "US16_Vice Dean, kullanicilarin gönderdiği mesajlari görebilmelidir",
          "fullFile": "",
          "file": "",
          "beforeHooks": [],
          "afterHooks": [],
          "tests": [
            {
              "title": "US16_TC02_Vice Dean, mesajlari, yazarlarini, e-maillerini, gönderilme tarihi ve  subject bilgilerini görüntüleyebilmelidir",
              "fullTitle": "US16_Vice Dean, kullanicilarin gönderdiği mesajlari görebilmelidir US16_TC02_Vice Dean, mesajlari, yazarlarini, e-maillerini, gönderilme tarihi ve  subject bilgilerini görüntüleyebilmelidir",
              "timedOut": null,
              "duration": 303,
              "state": "passed",
              "speed": "fast",
              "pass": true,
              "fail": false,
              "pending": false,
              "context": null,
              "code": "cy.on('uncaught:exception', (err, runnable) => {\n  return false;\n});\n//token olustur\ncy.generateToken(loginData.ViceDeanUsername, loginData.ViceDeanPasword).then(token => {\n  console.log(token);\n  cy.request({\n    method: \"GET\",\n    url: contactData.getContactURL,\n    headers: {\n      Authorization: `${token}`\n    }\n  }).then(response => {\n    expect(response.status).to.eq(200);\n    console.log(response.body);\n    expect(response.body.content[0]).to.have.property(\"name\");\n    expect(response.body.content[0]).to.have.property(\"email\");\n    expect(response.body.content[0]).to.have.property(\"subject\");\n    expect(response.body.content[0]).to.have.property(\"message\");\n    expect(response.body.content[0]).to.have.property(\"date\");\n  });\n});",
              "err": {},
              "uuid": "65e22ba5-913d-47f4-9337-80db16029fcd",
              "parentUUID": "aa3c8c39-d11d-4942-bc6c-c31855d9c83c",
              "isHook": false,
              "skipped": false
            }
          ],
          "suites": [],
          "passes": [
            "65e22ba5-913d-47f4-9337-80db16029fcd"
          ],
          "failures": [],
          "pending": [],
          "skipped": [],
          "duration": 303,
          "root": false,
          "rootEmpty": false,
          "_timeout": 2000
        }
      ],
      "passes": [],
      "failures": [],
      "pending": [],
      "skipped": [],
      "duration": 0,
      "root": true,
      "rootEmpty": true,
      "_timeout": 2000
    }
  ],
  "meta": {
    "mocha": {
      "version": "7.0.1"
    },
    "mochawesome": {
      "options": {
        "quiet": false,
        "reportFilename": "[status]_[datetime]-[name]-report",
        "saveHtml": false,
        "saveJson": true,
        "consoleReporter": "spec",
        "useInlineDiffs": false,
        "code": true
      },
      "version": "7.1.3"
    },
    "marge": {
      "options": {
        "overwrite": false,
        "charts": true,
        "reportPageTitle": "ToolShop Project Report",
        "reportFilename": "[status]_[datetime]-[name]-report",
        "timestamp": "shortDate",
        "embeddedScreenshots": true,
        "inlineAssets": true,
        "saveAllAttempts": false,
        "ignoreVideos": false,
        "videoOnFailOnly": false,
        "html": false,
        "json": true,
        "reportDir": "cypress\\reports\\html\\.jsons"
      },
      "version": "6.2.0"
    }
  }
}