{
  "stats": {
    "suites": 1,
    "tests": 1,
    "passes": 1,
    "pending": 0,
    "failures": 0,
    "start": "2024-03-30T12:54:39.066Z",
    "end": "2024-03-30T12:54:53.154Z",
    "duration": 14088,
    "testsRegistered": 1,
    "passPercent": 100,
    "pendingPercent": 0,
    "other": 0,
    "hasOther": false,
    "skipped": 0,
    "hasSkipped": false
  },
  "results": [
    {
      "uuid": "b49e9cc1-ba74-4f87-9329-121a9f25eb2c",
      "title": "",
      "fullFile": "cypress\\e2e\\SMOKE-TEST\\AddAdminCreate.cy.js",
      "file": "cypress\\e2e\\SMOKE-TEST\\AddAdminCreate.cy.js",
      "beforeHooks": [],
      "afterHooks": [],
      "tests": [],
      "suites": [
        {
          "uuid": "2cb647ff-1bd0-49b5-9225-931da60a1b8a",
          "title": "Admin Ekleme",
          "fullFile": "",
          "file": "",
          "beforeHooks": [],
          "afterHooks": [],
          "tests": [
            {
              "title": "US22_TC01 Tüm alanlar geçerli verilerle doldurulduğunda admin yeni admin ekleyebilmelidir",
              "fullTitle": "Admin Ekleme US22_TC01 Tüm alanlar geçerli verilerle doldurulduğunda admin yeni admin ekleyebilmelidir",
              "timedOut": null,
              "duration": 13948,
              "state": "passed",
              "speed": "slow",
              "pass": true,
              "fail": false,
              "pending": false,
              "context": null,
              "code": "adminManagement.writeName(adminManagementData.name);\nadminManagement.writeSurname(fakeSurname);\nadminManagement.writeBirthPlace(adminManagementData.birthPlace);\nadminManagement.clickGender(adminManagementData.gender);\nadminManagement.writeDateOf(adminManagementData.dateOfBirth);\nadminManagement.writePhone(fakephoneNumber);\nadminManagement.writeSsn(fakeSSN);\nadminManagement.writeUserName(fakeUsername);\nadminManagement.writePassword(adminManagementData.password);\nadminManagement.clickSubmitButton();\nadminManagement.verifySubmitSaveMessage(adminManagementData.submitSaveMessage);",
              "err": {},
              "uuid": "a531180b-6d15-4b29-8a06-c8207f2f1f22",
              "parentUUID": "2cb647ff-1bd0-49b5-9225-931da60a1b8a",
              "isHook": false,
              "skipped": false
            }
          ],
          "suites": [],
          "passes": [
            "a531180b-6d15-4b29-8a06-c8207f2f1f22"
          ],
          "failures": [],
          "pending": [],
          "skipped": [],
          "duration": 13948,
          "root": false,
          "rootEmpty": false,
          "_timeout": 2000
        }
      ],
      "passes": [],
      "failures": [],
      "pending": [],
      "skipped": [],
      "duration": 0,
      "root": true,
      "rootEmpty": true,
      "_timeout": 2000
    }
  ],
  "meta": {
    "mocha": {
      "version": "7.0.1"
    },
    "mochawesome": {
      "options": {
        "quiet": false,
        "reportFilename": "[status]_[datetime]-[name]-report",
        "saveHtml": false,
        "saveJson": true,
        "consoleReporter": "spec",
        "useInlineDiffs": false,
        "code": true
      },
      "version": "7.1.3"
    },
    "marge": {
      "options": {
        "overwrite": false,
        "charts": true,
        "reportPageTitle": "ToolShop Project Report",
        "reportFilename": "[status]_[datetime]-[name]-report",
        "timestamp": "shortDate",
        "embeddedScreenshots": true,
        "inlineAssets": true,
        "saveAllAttempts": false,
        "ignoreVideos": false,
        "videoOnFailOnly": false,
        "html": false,
        "json": true,
        "reportDir": "cypress\\reports\\html\\.jsons"
      },
      "version": "6.2.0"
    }
  }
}