{
  "stats": {
    "suites": 1,
    "tests": 2,
    "passes": 2,
    "pending": 0,
    "failures": 0,
    "start": "2024-03-30T12:53:29.771Z",
    "end": "2024-03-30T12:53:30.090Z",
    "duration": 319,
    "testsRegistered": 2,
    "passPercent": 100,
    "pendingPercent": 0,
    "other": 0,
    "hasOther": false,
    "skipped": 0,
    "hasSkipped": false
  },
  "results": [
    {
      "uuid": "9ba11b9e-5ddc-461e-9dbb-204559a1230a",
      "title": "",
      "fullFile": "cypress\\e2e\\DATABASE-TEST\\US02-AdminGuestUserList.cy.js",
      "file": "cypress\\e2e\\DATABASE-TEST\\US02-AdminGuestUserList.cy.js",
      "beforeHooks": [],
      "afterHooks": [],
      "tests": [],
      "suites": [
        {
          "uuid": "c0c490db-9194-4db5-b9da-a082e9bcd946",
          "title": "US02_GuestUserList",
          "fullFile": "",
          "file": "",
          "beforeHooks": [],
          "afterHooks": [],
          "tests": [
            {
              "title": "Guest List",
              "fullTitle": "US02_GuestUserList Guest List",
              "timedOut": null,
              "duration": 141,
              "state": "passed",
              "speed": "fast",
              "pass": true,
              "fail": false,
              "pending": false,
              "context": null,
              "code": "cy.task('connectDB', \"select*from guest_user\").then(cy.log);",
              "err": {},
              "uuid": "ae8d490c-70d7-4302-8bf3-bdcd80f0c0b7",
              "parentUUID": "c0c490db-9194-4db5-b9da-a082e9bcd946",
              "isHook": false,
              "skipped": false
            },
            {
              "title": "Guest Validation",
              "fullTitle": "US02_GuestUserList Guest Validation",
              "timedOut": null,
              "duration": 112,
              "state": "passed",
              "speed": "fast",
              "pass": true,
              "fail": false,
              "pending": false,
              "context": null,
              "code": "const expectedGuest = {\n  Ssn: '612-96-4026',\n  Name: 'Yagmur',\n  Surname: 'Yuksel',\n  Date_Of_Birth: '1989-12-01',\n  Birth_Place: 'Ingolstadt'\n};\ncy.task('connectDB', \"select*from guest_user where ssn='612-96-4026'\").then(data => {\n  console.log(data);\n  expect(expectedGuest.Name).to.be.equal(data.rows[0].name);\n  expect(expectedGuest.Birth_Place).to.be.equal(data.rows[0].birth_place);\n  expect(expectedGuest.Surname).to.be.equal(data.rows[0].surname);\n  expect(expectedGuest.Surname).to.be.equal(data.rows[0].surname);\n  expect(expectedGuest.Ssn).to.be.equal(data.rows[0].ssn);\n});",
              "err": {},
              "uuid": "ccff8da4-267a-4859-9e5b-47549a11181b",
              "parentUUID": "c0c490db-9194-4db5-b9da-a082e9bcd946",
              "isHook": false,
              "skipped": false
            }
          ],
          "suites": [],
          "passes": [
            "ae8d490c-70d7-4302-8bf3-bdcd80f0c0b7",
            "ccff8da4-267a-4859-9e5b-47549a11181b"
          ],
          "failures": [],
          "pending": [],
          "skipped": [],
          "duration": 253,
          "root": false,
          "rootEmpty": false,
          "_timeout": 2000
        }
      ],
      "passes": [],
      "failures": [],
      "pending": [],
      "skipped": [],
      "duration": 0,
      "root": true,
      "rootEmpty": true,
      "_timeout": 2000
    }
  ],
  "meta": {
    "mocha": {
      "version": "7.0.1"
    },
    "mochawesome": {
      "options": {
        "quiet": false,
        "reportFilename": "[status]_[datetime]-[name]-report",
        "saveHtml": false,
        "saveJson": true,
        "consoleReporter": "spec",
        "useInlineDiffs": false,
        "code": true
      },
      "version": "7.1.3"
    },
    "marge": {
      "options": {
        "overwrite": false,
        "charts": true,
        "reportPageTitle": "ToolShop Project Report",
        "reportFilename": "[status]_[datetime]-[name]-report",
        "timestamp": "shortDate",
        "embeddedScreenshots": true,
        "inlineAssets": true,
        "saveAllAttempts": false,
        "ignoreVideos": false,
        "videoOnFailOnly": false,
        "html": false,
        "json": true,
        "reportDir": "cypress\\reports\\html\\.jsons"
      },
      "version": "6.2.0"
    }
  }
}